[2019-10-28 11:22:21][I][<SysInfomation>:SysInfomation: DB_Userinfo_Select-> Verify Succeed! uid=1,username=1@qq.com,nickname=用户昵称1,ismaster=1]
[2019-10-28 11:22:29][I][<SysInfomation>:SysInfomation: DB_Userinfo_Password_Update-> Repassword Succeed! But has no change! username=1@qq.com,password=1]
[2019-10-28 11:22:29][I][<SysInfomation>:username=1@qq.com verify access!]
[2019-10-28 11:23:33][I][<SysInfomation>:SysInfomation: DB_Userinfo_Password_Update-> Repassword Succeed! But has no change! username=1@qq.com,password=1]
[2019-10-28 11:23:33][I][<SysInfomation>:username=1@qq.com verify access!]
[2019-10-28 11:29:40][I][<SysInfomation>:SysInfomation: DB_Userinfo_Password_Update-> Repassword Succeed! But has no change! username=1@qq.com,password=2]
[2019-10-28 11:29:40][I][<SysInfomation>:username=1@qq.com verify access!]
[2019-10-28 11:29:40][I][<SysInfomation>:SysInfomation: DB_Userinfo_Nickname_Update-> Renickname Succeed! username=1@qq.com,nickname=用户昵称2]
[2019-10-28 11:29:40][I][<SysInfomation>:setmyinfo succeed!]
[2019-10-28 11:29:54][I][<SysInfomation>:SysInfomation: DB_Userinfo_Password_Update-> Repassword Succeed! But has no change! username=1@qq.com,password=1]
[2019-10-28 11:29:54][I][<SysInfomation>:username=1@qq.com verify access!]
[2019-10-28 11:29:54][I][<SysInfomation>:SysInfomation: DB_Userinfo_Nickname_Update-> Renickname Succeed! username=1@qq.com,nickname=用户昵称1]
[2019-10-28 11:29:54][I][<SysInfomation>:setmyinfo succeed!]
[2019-10-28 11:30:03][I][<SysInfomation>:SysInfomation: DB_Userinfo_Password_Update-> Repassword Succeed! But has no change! username=1@qq.com,password=2]
[2019-10-28 11:30:03][I][<SysInfomation>:username=1@qq.com verify access!]
[2019-10-28 11:30:03][I][<SysInfomation>:SysInfomation: DB_Userinfo_Nickname_Update-> Renickname Succeed! username=1@qq.com,nickname=用户昵称2]
[2019-10-28 11:30:03][I][<SysInfomation>:setmyinfo succeed!]
[2019-10-28 11:40:30][I][<SysInfomation>:SysInfomation: DB_Userinfo_Select-> Verify Succeed! uid=1,username=1@qq.com,nickname=用户昵称2,ismaster=1]
[2019-10-28 11:40:37][I][<SysInfomation>:SysInfomation: DB_Userinfo_Password_Update-> Repassword Succeed! But has no change! username=1@qq.com,password=3]
[2019-10-28 11:40:37][I][<SysInfomation>:username=1@qq.com verify access!]
[2019-10-28 11:45:14][I][<SysInfomation>:SysInfomation: DB_Userinfo_Select-> Verify Succeed! uid=1,username=1@qq.com,nickname=用户昵称2,ismaster=1]
[2019-10-28 11:45:43][I][<SysInfomation>:SysInfomation: DB_Userinfo_Password_Update-> Repassword Succeed! But has no change! username=1@qq.com,password=3]
[2019-10-28 11:45:43][I][<SysInfomation>:username=1@qq.com verify access!]
[2019-10-28 11:45:43][I][<SysInfomation>:SysInfomation: DB_Userinfo_Nickname_Update-> Renickname Succeed! username=1@qq.com,nickname=用户昵称3]
[2019-10-28 11:45:43][I][<SysInfomation>:setmyinfo succeed!]
[2019-10-28 11:49:52][I][<SysInfomation>:SysInfomation: DB_Userinfo_Select-> Verify Succeed! uid=1,username=1@qq.com,nickname=用户昵称3,ismaster=1]
[2019-10-28 11:49:56][I][<SysInfomation>:SysInfomation: DB_Userinfo_Password_Update-> Repassword Succeed! But has no change! username=1@qq.com,password=3]
[2019-10-28 11:49:56][I][<SysInfomation>:username=1@qq.com verify access!]
[2019-10-28 12:08:54][I][<SysInfomation>:SysInfomation: DB_Userinfo_Select-> Verify Succeed! uid=1,username=1@qq.com,nickname=用户昵称3,ismaster=1]
[2019-10-28 12:09:02][I][<SysInfomation>:SysInfomation: DB_Userinfo_Select-> Verify Failed! username=1@qq.com,password=3]
[2019-10-28 12:09:02][E][<SysInfomation>:Something error: 验证旧密码失败!]
[2019-10-28 12:09:08][I][<SysInfomation>:SysInfomation: DB_Userinfo_Select-> Verify Succeed! uid=1,username=1@qq.com,nickname=用户昵称3,ismaster=1]
[2019-10-28 12:09:08][I][<SysInfomation>:验证旧密码通过: username=1@qq.com verify access!]
[2019-10-28 12:09:08][I][<SysInfomation>:SysInfomation: DB_Userinfo_Password_Update-> Repassword Succeed! username=1@qq.com,password=3]
[2019-10-28 12:57:34][I][<SysInfomation>:SysInfomation: DB_Userinfo_Select-> Verify Failed! username=1@qq.com,password=1]
[2019-10-28 12:57:38][I][<SysInfomation>:SysInfomation: DB_Userinfo_Select-> Verify Failed! username=1@qq.com,password=2]
[2019-10-28 12:57:43][I][<SysInfomation>:SysInfomation: DB_Userinfo_Select-> Verify Succeed! uid=1,username=1@qq.com,nickname=用户昵称3,ismaster=1]
[2019-10-28 12:57:51][I][<SysInfomation>:SysInfomation: DB_Userinfo_Select-> Verify Failed! username=1@qq.com,password=4]
[2019-10-28 12:57:51][E][<SysInfomation>:Something error: 验证旧密码失败!]
[2019-10-28 12:58:01][I][<SysInfomation>:SysInfomation: DB_Userinfo_Select-> Verify Succeed! uid=1,username=1@qq.com,nickname=用户昵称3,ismaster=1]
[2019-10-28 12:58:01][I][<SysInfomation>:验证旧密码通过: username=1@qq.com verify access!]
[2019-10-28 12:58:01][I][<SysInfomation>:SysInfomation: DB_Userinfo_Password_Update-> Repassword Succeed! username=1@qq.com,password=4]
[2019-10-28 12:58:01][I][<SysInfomation>:新旧账号昵称一致，无需修改...]
[2019-10-28 13:01:07][I][<SysInfomation>:SysInfomation: DB_Userinfo_Select-> Verify Failed! username=1@qq.com,password=1]
[2019-10-28 13:01:10][I][<SysInfomation>:SysInfomation: DB_Userinfo_Select-> Verify Succeed! uid=1,username=1@qq.com,nickname=用户昵称3,ismaster=1]
[2019-10-28 13:01:17][I][<SysInfomation>:SysInfomation: DB_Userinfo_Select-> Verify Failed! username=1@qq.com,password=3]
[2019-10-28 13:01:17][E][<SysInfomation>:Something error: 验证旧密码失败!]
[2019-10-28 13:01:21][I][<SysInfomation>:SysInfomation: DB_Userinfo_Select-> Verify Succeed! uid=1,username=1@qq.com,nickname=用户昵称3,ismaster=1]
[2019-10-28 13:01:21][I][<SysInfomation>:验证旧密码通过: username=1@qq.com verify access!]
[2019-10-28 13:01:21][I][<SysInfomation>:SysInfomation: DB_Userinfo_Password_Update-> Repassword Succeed! username=1@qq.com,password=1]
[2019-10-28 13:01:21][I][<SysInfomation>:新旧账号昵称一致，无需修改...]
[2019-10-28 13:03:54][I][<SysInfomation>:SysInfomation: DB_Userinfo_Select-> Verify Failed! username=1@qq.com,password=4]
[2019-10-28 13:03:54][E][<SysInfomation>:Something error: 验证旧密码失败!]
[2019-10-28 13:04:05][I][<SysInfomation>:SysInfomation: DB_Userinfo_Select-> Verify Succeed! uid=1,username=1@qq.com,nickname=用户昵称3,ismaster=1]
[2019-10-28 13:04:05][I][<SysInfomation>:验证旧密码通过: username=1@qq.com verify access!]
[2019-10-28 13:04:05][I][<SysInfomation>:SysInfomation: DB_Userinfo_Password_Update-> Repassword Succeed! But has no change! username=1@qq.com,password=1]
[2019-10-28 13:04:05][I][<SysInfomation>:SysInfomation: DB_Userinfo_Nickname_Update-> Renickname Succeed! username=1@qq.com,nickname=用户昵称1]
[2019-10-28 13:04:05][I][<SysInfomation>:setmyinfo succeed!]
