[2019-09-03 16:19:25][I][<SysInfomation>:SysInfomation: DB_Userinfo_Select-> Verify Succeed! uid=1,username=1@qq.com,nickname=用户昵称1,ismaster=1]
[2019-09-03 16:19:46][I][<SysInfomation>:SysInfomation: DB_Userinfo_Select-> Verify Succeed! uid=1,username=1@qq.com,nickname=用户昵称1,ismaster=1]
[2019-09-03 17:17:25][I][<SysInfomation>:SysInfomation: DB_Userinfo_Select-> Verify Succeed! uid=1,username=1@qq.com,nickname=用户昵称1,ismaster=1]
[2019-09-03 17:19:57][I][<SysInfomation>:SysInfomation: DB_Userinfo_Select-> Verify Succeed! uid=1,username=1@qq.com,nickname=用户昵称1,ismaster=1]
[2019-09-03 17:34:41][I][<SysInfomation>:SysInfomation: DB_Userinfo_Select-> Verify Succeed! uid=1,username=1@qq.com,nickname=用户昵称1,ismaster=1]
[2019-09-03 17:35:51][I][<SysInfomation>:SysInfomation: DB_Userinfo_Select-> Verify Succeed! uid=76,username=92@qq.com,nickname=1,ismaster=0]
[2019-09-03 17:36:17][I][<SysInfomation>:SysInfomation: DB_Userinfo_Select-> Verify Succeed! uid=75,username=93@qq.com,nickname=1,ismaster=0]
[2019-09-03 17:36:25][I][<SysInfomation>:SysInfomation: DB_Userinfo_Password_Update-> Repassword Succeed! username=93@qq.com,password=1]
[2019-09-03 17:36:25][I][<SysInfomation>:username=93@qq.com verify access!]
[2019-09-03 17:40:03][I][<SysInfomation>:SysInfomation: DB_Userinfo_Select-> Verify Failed! username=99@qq.com,password=1]
[2019-09-03 17:40:12][I][<SysInfomation>:SysInfomation: DB_Userinfo_Select-> Verify Succeed! uid=74,username=94@qq.com,nickname=1,ismaster=0]
[2019-09-03 17:41:17][I][<SysInfomation>:SysInfomation: DB_Userinfo_Select-> Verify Succeed! uid=74,username=94@qq.com,nickname=1,ismaster=0]
[2019-09-03 17:49:12][I][<SysInfomation>:SysInfomation: DB_Userinfo_Select-> Verify Succeed! uid=74,username=94@qq.com,nickname=1,ismaster=0]
[2019-09-03 17:52:29][I][<SysInfomation>:SysInfomation: DB_Userinfo_Select-> Verify Succeed! uid=74,username=94@qq.com,nickname=1,ismaster=0]
[2019-09-03 17:55:44][I][<SysInfomation>:SysInfomation: DB_Userinfo_Select-> Verify Succeed! uid=74,username=94@qq.com,nickname=1,ismaster=0]
[2019-09-03 17:57:25][I][<SysInfomation>:SysInfomation: DB_Userinfo_Select-> Verify Succeed! uid=74,username=94@qq.com,nickname=1,ismaster=0]
[2019-09-03 18:00:09][I][<SysInfomation>:SysInfomation: DB_Userinfo_Select-> Verify Succeed! uid=74,username=94@qq.com,nickname=1,ismaster=0]
[2019-09-03 18:00:15][I][<SysInfomation>:SysInfomation: DB_Userinfo_Password_Update-> Repassword Succeed! But has no change! username=94@qq.com,password=1]
[2019-09-03 18:00:15][I][<SysInfomation>:username=94@qq.com verify access!]
[2019-09-03 18:03:03][I][<SysInfomation>:SysInfomation: DB_Userinfo_Select-> Verify Succeed! uid=74,username=94@qq.com,nickname=1,ismaster=0]
[2019-09-03 18:03:10][I][<SysInfomation>:SysInfomation: DB_Userinfo_Password_Update-> Repassword Succeed! username=94@qq.com,password=1]
[2019-09-03 18:03:10][I][<SysInfomation>:username=94@qq.com verify access!]
[2019-09-03 18:06:47][I][<SysInfomation>:SysInfomation: DB_Userinfo_Select-> Verify Failed! username=99@qq.com,password=1]
[2019-09-03 18:06:55][I][<SysInfomation>:SysInfomation: DB_Userinfo_Select-> Verify Failed! username=94@qq.com,password=1]
[2019-09-03 18:07:03][I][<SysInfomation>:SysInfomation: DB_Userinfo_Select-> Verify Failed! username=93@qq.com,password=1]
[2019-09-03 18:07:13][I][<SysInfomation>:SysInfomation: DB_Userinfo_Select-> Verify Failed! username=93@qq.com,password=1]
[2019-09-03 18:15:34][I][<SysInfomation>:SysInfomation: DB_Userinfo_Select-> Verify Succeed! uid=1,username=1@qq.com,nickname=用户昵称1,ismaster=1]
[2019-09-03 18:15:58][I][<SysInfomation>:SysInfomation: DB_Userinfo_Select-> Verify Succeed! uid=1,username=1@qq.com,nickname=用户昵称1,ismaster=1]
[2019-09-03 18:16:12][I][<SysInfomation>:SysInfomation: DB_Userinfo_Password_Update-> Repassword Succeed! username=1@qq.com,password=1]
[2019-09-03 18:16:12][I][<SysInfomation>:username=1@qq.com verify access!]
[2019-09-03 18:16:12][E][<SysInfomation>:Something error: module 'examLibrary.examContext' has no attribute 'useranme']
[2019-09-03 18:18:10][I][<SysInfomation>:SysInfomation: DB_Userinfo_Select-> Verify Failed! username=93@qq.com,password=1]
[2019-09-03 18:19:07][I][<SysInfomation>:SysInfomation: DB_Userinfo_Select-> Verify Succeed! uid=45,username=99@qq.com,nickname=testnickname,ismaster=0]
[2019-09-03 18:19:30][I][<SysInfomation>:SysInfomation: DB_Userinfo_Select-> Verify Succeed! uid=68,username=98@qq.com,nickname=1,ismaster=0]
[2019-09-03 18:19:44][I][<SysInfomation>:SysInfomation: DB_Userinfo_Password_Update-> Repassword Succeed! username=98@qq.com,password=1]
[2019-09-03 18:19:44][I][<SysInfomation>:username=98@qq.com verify access!]
[2019-09-03 18:19:44][E][<SysInfomation>:Something error: 'module' object is not callable]
[2019-09-03 18:23:35][I][<SysInfomation>:SysInfomation: DB_Userinfo_Select-> Verify Failed! username=98@qq.com,password=1]
[2019-09-03 18:24:05][I][<SysInfomation>:SysInfomation: DB_Userinfo_Select-> Verify Succeed! uid=68,username=98@qq.com,nickname=1,ismaster=0]
[2019-09-03 18:24:14][I][<SysInfomation>:SysInfomation: DB_Userinfo_Select-> Verify Succeed! uid=45,username=99@qq.com,nickname=testnickname,ismaster=0]
[2019-09-03 18:24:23][I][<SysInfomation>:SysInfomation: DB_Userinfo_Password_Update-> Repassword Succeed! username=99@qq.com,password=1]
[2019-09-03 18:24:23][I][<SysInfomation>:username=99@qq.com verify access!]
[2019-09-03 18:24:23][I][<SysInfomation>:SysInfomation: DB_Userinfo_Nickname_Update-> Renickname Succeed! username=99@qq.com,nickname=99]
[2019-09-03 18:24:23][I][<SysInfomation>:setmyinfo succeed!]
[2019-09-03 18:24:52][I][<SysInfomation>:SysInfomation: DB_Userinfo_Select-> Verify Succeed! uid=68,username=98@qq.com,nickname=1,ismaster=0]
[2019-09-03 18:25:13][I][<SysInfomation>:SysInfomation: DB_Userinfo_Select-> Verify Failed! username=99@qq.com,password=1]
[2019-09-03 18:25:22][I][<SysInfomation>:SysInfomation: DB_Userinfo_Select-> Verify Succeed! uid=45,username=99@qq.com,nickname=99,ismaster=0]
