[2019-08-22 15:57:39.175][D][测试DapLogger]
[2019-08-22 15:59:34.151][D][测试DapLogger]
[2019-08-22 15:59:46.085][D][测试DapLogger]
[2019-08-22 16:00:24.5380][D][测试DapLogger]
[2019-08-22 16:00:47][D][测试DapLogger]
[2019-08-22 16:01:09][I][60869881:  >>>>>>开始Main<<<<<<]
[2019-08-22 16:01:09][I][60869883:  >>>>>>进入Test.py<<<<<<]
[2019-08-22 16:01:09][D][60869884:  examDebug不存在Novar变量]
[2019-08-22 16:01:09][I][60869885:  >>>>>>退出Test.py<<<<<<]
[2019-08-22 16:01:09][E][60869885:  >>>>>>结束Main<<<<<<]
[2019-08-22 16:02:37][D][测试DapLogger]
[2019-08-22 16:03:07][I][60987110:  >>>>>>开始Main<<<<<<]
[2019-08-22 16:03:07][I][60987111:  >>>>>>进入Test.py<<<<<<]
[2019-08-22 16:03:07][D][60987113:  examDebug不存在Novar变量]
[2019-08-22 16:03:07][I][60987113:  >>>>>>退出Test.py<<<<<<]
[2019-08-22 16:03:07][E][60987114:  >>>>>>结束Main<<<<<<]
[2019-08-22 16:04:07][D][测试DapLogger]
[2019-08-22 16:05:53][I][61153331:  >>>>>>开始Main<<<<<<]
[2019-08-22 16:05:53][I][61153331:  >>>>>>进入Test.py<<<<<<]
[2019-08-22 16:05:53][D][61153332:  examDebug不存在Novar变量]
[2019-08-22 16:05:53][I][61153332:  >>>>>>退出Test.py<<<<<<]
[2019-08-22 16:05:53][E][61153333:  >>>>>>结束Main<<<<<<]
[2019-08-22 16:06:08][I][61168711:  >>>>>>开始Main<<<<<<]
[2019-08-22 16:06:08][I][61168712:  >>>>>>进入Test.py<<<<<<]
[2019-08-22 16:06:08][D][61168712:  examDebug不存在Novar变量]
[2019-08-22 16:06:08][I][61168712:  >>>>>>退出Test.py<<<<<<]
[2019-08-22 16:06:08][E][61168713:  >>>>>>结束Main<<<<<<]
[2019-08-22 17:54:57][D][测试DapLogger]
[2019-08-22 17:55:08][I][67708766:  >>>>>>开始Main<<<<<<]
[2019-08-22 17:55:08][I][67708767:  >>>>>>进入Test.py<<<<<<]
[2019-08-22 17:55:08][D][67708767:  examDebug不存在Novar变量]
[2019-08-22 17:55:08][I][67708767:  >>>>>>退出Test.py<<<<<<]
[2019-08-22 17:55:08][E][67708768:  >>>>>>结束Main<<<<<<]
